
--- SYNC START [2026-05-06 07:33:05] ---
User ID: 21 | Source: SESSION
Ticket IDs Tracked: {"1":151,"2":152}
Step 0 (Ticket 151): NOT finished (waiting)
Calculated Actual Step: 0 | Target Index: 0
Active ticket found: R-002 (waiting).
--- SYNC END ---

--- SYNC START [2026-05-06 07:33:07] ---
User ID: 21 | Source: SESSION
Ticket IDs Tracked: {"1":151,"2":152}
Step 0 (Ticket 151): NOT finished (waiting)
Calculated Actual Step: 0 | Target Index: 0
Active ticket found: R-002 (waiting).
--- SYNC END ---

--- SYNC START [2026-05-06 07:33:11] ---
User ID: 21 | Source: SESSION
Ticket IDs Tracked: {"1":151,"2":152}
Step 0 (Ticket 151): NOT finished (waiting)
Calculated Actual Step: 0 | Target Index: 0
Active ticket found: R-002 (waiting).
--- SYNC END ---

--- SYNC START [2026-05-06 07:33:13] ---
User ID: 21 | Source: SESSION
Ticket IDs Tracked: {"1":151,"2":152}
Step 0 (Ticket 151): NOT finished (waiting)
Calculated Actual Step: 0 | Target Index: 0
Active ticket found: R-002 (waiting).
--- SYNC END ---
